#
# There is insufficient memory for the Java Runtime Environment to continue.
# Native memory allocation (malloc) failed to allocate 32744 bytes. Error detail: Chunk::new
# Possible reasons:
#   The system is out of physical RAM or swap space
#   This process is running with CompressedOops enabled, and the Java Heap may be blocking the growth of the native heap
# Possible solutions:
#   Reduce memory load on the system
#   Increase physical memory or swap space
#   Check if swap backing store is full
#   Decrease Java heap size (-Xmx/-Xms)
#   Decrease number of Java threads
#   Decrease Java thread stack sizes (-Xss)
#   Set larger code cache with -XX:ReservedCodeCacheSize=
#   JVM is running with Unscaled Compressed Oops mode in which the Java heap is
#     placed in the first 4GB address space. The Java Heap base address is the
#     maximum limit for the native heap growth. Please use -XX:HeapBaseMinAddress
#     to set the Java Heap base and to place the Java Heap above 4GB virtual address.
# This output file may be truncated or incomplete.
#
#  Out of Memory Error (arena.cpp:168), pid=8892, tid=19624
#
# JRE version: OpenJDK Runtime Environment Temurin-21.0.8+9 (21.0.8+9) (build 21.0.8+9-LTS)
# Java VM: OpenJDK 64-Bit Server VM Temurin-21.0.8+9 (21.0.8+9-LTS, mixed mode, sharing, tiered, compressed oops, compressed class ptrs, g1 gc, windows-amd64)
# No core dump will be written. Minidumps are not enabled by default on client versions of Windows
#

---------------  S U M M A R Y ------------

Command Line: -ea -Dfile.encoding=UTF-8 -Dstdout.encoding=UTF-8 -Dstderr.encoding=UTF-8 -XX:+ShowCodeDetailsInExceptionMessages org.testng.remote.RemoteTestNG -serport 62543 -protocol json -d C:\Users\User\git\GroceryProject\groceryApplication\test-output C:\Users\User\git\GroceryProject\groceryApplication\paralleltesting_method.xml

Host: 11th Gen Intel(R) Core(TM) i3-1115G4 @ 3.00GHz, 4 cores, 7G,  Windows 11 , 64 bit Build 26100 (10.0.26100.7309)
Time: Fri Dec 12 10:20:41 2025 India Standard Time elapsed time: 8.252955 seconds (0d 0h 0m 8s)

---------------  T H R E A D  ---------------

Current thread (0x000001e9ff0674c0):  JavaThread "C2 CompilerThread0" daemon [_thread_in_native, id=19624, stack(0x00000031b3900000,0x00000031b3a00000) (1024K)]


Current CompileTask:
C2:8253 2614       4       sun.invoke.util.VerifyAccess::isSamePackage (37 bytes)

Stack: [0x00000031b3900000,0x00000031b3a00000]
Native frames: (J=compiled Java code, j=interpreted, Vv=VM code, C=native code)
V  [jvm.dll+0x6d2449]
V  [jvm.dll+0x8ae341]
V  [jvm.dll+0x8b08be]
V  [jvm.dll+0x8b0fa3]
V  [jvm.dll+0x280c96]
V  [jvm.dll+0xc581d]
V  [jvm.dll+0xc5d53]
V  [jvm.dll+0xc5945]
V  [jvm.dll+0x72828c]
V  [jvm.dll+0x604b7f]
V  [jvm.dll+0x60c371]
V  [jvm.dll+0x6086db]
V  [jvm.dll+0x5f0bab]
V  [jvm.dll+0x5f134c]
V  [jvm.dll+0x5f39e5]
V  [jvm.dll+0x5f347d]
V  [jvm.dll+0x5f3360]
V  [jvm.dll+0x5fa7e4]
V  [jvm.dll+0x252092]
V  [jvm.dll+0x24ab3f]
V  [jvm.dll+0x2483a4]
V  [jvm.dll+0x1c89ee]
V  [jvm.dll+0x257d4d]
V  [jvm.dll+0x2562ea]
V  [jvm.dll+0x3f2d16]
V  [jvm.dll+0x857e6b]
V  [jvm.dll+0x6d0b0d]
C  [ucrtbase.dll+0x37b0]
C  [KERNEL32.DLL+0x2e8d7]
C  [ntdll.dll+0x8c53c]


---------------  P R O C E S S  ---------------

Threads class SMR info:
_java_thread_list=0x000001e9d40ac4c0, length=38, elements={
0x000001e9f48c7340, 0x000001e9ff055980, 0x000001e9ff05af50, 0x000001e9ff060f20,
0x000001e9ff060200, 0x000001e9ff061c40, 0x000001e9ff063680, 0x000001e9ff0674c0,
0x000001e9ff09fc40, 0x000001e9ff062ff0, 0x000001e9ff062960, 0x000001e9ff0622d0,
0x000001e9ff060890, 0x000001e9ff0615b0, 0x000001e9d4123db0, 0x000001e9d4120fc0,
0x000001e9d4123720, 0x000001e9d4121650, 0x000001e9d4124440, 0x000001e9d4125160,
0x000001e9d4124ad0, 0x000001e9d4123090, 0x000001e9d4121ce0, 0x000001e9d41257f0,
0x000001e9d4122370, 0x000001e9d4122a00, 0x000001e9d41285e0, 0x000001e9d4127230,
0x000001e9d4126ba0, 0x000001e9d4125e80, 0x000001e9d4127f50, 0x000001e9d4126510,
0x000001e9d41278c0, 0x000001e9d548bcf0, 0x000001e9d548e450, 0x000001e9d548c380,
0x000001e9d548eae0, 0x000001e9ffa2d180
}

Java Threads: ( => current thread )
  0x000001e9f48c7340 JavaThread "main"                              [_thread_blocked, id=23236, stack(0x00000031b2a00000,0x00000031b2b00000) (1024K)]
  0x000001e9ff055980 JavaThread "Reference Handler"          daemon [_thread_blocked, id=12808, stack(0x00000031b3300000,0x00000031b3400000) (1024K)]
  0x000001e9ff05af50 JavaThread "Finalizer"                  daemon [_thread_blocked, id=33676, stack(0x00000031b3400000,0x00000031b3500000) (1024K)]
  0x000001e9ff060f20 JavaThread "Signal Dispatcher"          daemon [_thread_blocked, id=12136, stack(0x00000031b3500000,0x00000031b3600000) (1024K)]
  0x000001e9ff060200 JavaThread "Attach Listener"            daemon [_thread_blocked, id=25276, stack(0x00000031b3600000,0x00000031b3700000) (1024K)]
  0x000001e9ff061c40 JavaThread "Service Thread"             daemon [_thread_blocked, id=2844, stack(0x00000031b3700000,0x00000031b3800000) (1024K)]
  0x000001e9ff063680 JavaThread "Monitor Deflation Thread"   daemon [_thread_blocked, id=31416, stack(0x00000031b3800000,0x00000031b3900000) (1024K)]
=>0x000001e9ff0674c0 JavaThread "C2 CompilerThread0"         daemon [_thread_in_native, id=19624, stack(0x00000031b3900000,0x00000031b3a00000) (1024K)]
  0x000001e9ff09fc40 JavaThread "C1 CompilerThread0"         daemon [_thread_blocked, id=32640, stack(0x00000031b3a00000,0x00000031b3b00000) (1024K)]
  0x000001e9ff062ff0 JavaThread "Notification Thread"        daemon [_thread_blocked, id=6592, stack(0x00000031b3b00000,0x00000031b3c00000) (1024K)]
  0x000001e9ff062960 JavaThread "Common-Cleaner"             daemon [_thread_blocked, id=10148, stack(0x00000031b3c00000,0x00000031b3d00000) (1024K)]
  0x000001e9ff0622d0 JavaThread "ReaderThread"                      [_thread_in_native, id=30088, stack(0x00000031b3e00000,0x00000031b3f00000) (1024K)]
  0x000001e9ff060890 JavaThread "ForkJoinPool.commonPool-worker-1" daemon [_thread_blocked, id=3720, stack(0x00000031b4200000,0x00000031b4300000) (1024K)]
  0x000001e9ff0615b0 JavaThread "ForkJoinPool.commonPool-worker-2" daemon [_thread_blocked, id=29392, stack(0x00000031b4300000,0x00000031b4400000) (1024K)]
  0x000001e9d4123db0 JavaThread "ForkJoinPool.commonPool-worker-3" daemon [_thread_blocked, id=8468, stack(0x00000031b4400000,0x00000031b4500000) (1024K)]
  0x000001e9d4120fc0 JavaThread "TestNG-test-Chrometest-1"          [_thread_blocked, id=30096, stack(0x00000031b4500000,0x00000031b4600000) (1024K)]
  0x000001e9d4123720 JavaThread "TestNG-test-Chrometest-2"          [_thread_in_native, id=6444, stack(0x00000031b4600000,0x00000031b4700000) (1024K)]
  0x000001e9d4121650 JavaThread "HttpClient-2-SelectorManager" daemon [_thread_in_native, id=34588, stack(0x00000031b4800000,0x00000031b4900000) (1024K)]
  0x000001e9d4124440 JavaThread "HttpClient-1-SelectorManager" daemon [_thread_in_native, id=13196, stack(0x00000031b4900000,0x00000031b4a00000) (1024K)]
  0x000001e9d4125160 JavaThread "External Process Output Forwarder - C:\Users\User\.cache\selenium\chromedriver\win64\143.0.7499.42\chromedriver.exe" daemon [_thread_in_native, id=29216, stack(0x00000031b4a00000,0x00000031b4b00000) (1024K)]
  0x000001e9d4124ad0 JavaThread "Driver Service Executor"    daemon [_thread_blocked, id=24760, stack(0x00000031b4b00000,0x00000031b4c00000) (1024K)]
  0x000001e9d4123090 JavaThread "Driver Service Executor"    daemon [_thread_in_native, id=17052, stack(0x00000031b4c00000,0x00000031b4d00000) (1024K)]
  0x000001e9d4121ce0 JavaThread "UrlChecker-2"               daemon [_thread_blocked, id=33216, stack(0x00000031b4d00000,0x00000031b4e00000) (1024K)]
  0x000001e9d41257f0 JavaThread "External Process Output Forwarder - C:\Users\User\.cache\selenium\chromedriver\win64\143.0.7499.42\chromedriver.exe" daemon [_thread_in_native, id=10700, stack(0x00000031b4e00000,0x00000031b4f00000) (1024K)]
  0x000001e9d4122370 JavaThread "Driver Service Executor"    daemon [_thread_blocked, id=24716, stack(0x00000031b4f00000,0x00000031b5000000) (1024K)]
  0x000001e9d4122a00 JavaThread "Driver Service Executor"    daemon [_thread_in_native, id=29648, stack(0x00000031b5000000,0x00000031b5100000) (1024K)]
  0x000001e9d41285e0 JavaThread "UrlChecker-3"               daemon [_thread_blocked, id=25296, stack(0x00000031b5100000,0x00000031b5200000) (1024K)]
  0x000001e9d4127230 JavaThread "Keep-Alive-Timer"           daemon [_thread_blocked, id=17536, stack(0x00000031b4700000,0x00000031b4800000) (1024K)]
  0x000001e9d4126ba0 JavaThread "JdkHttpClient-1-0"          daemon [_thread_blocked, id=14412, stack(0x00000031b5200000,0x00000031b5300000) (1024K)]
  0x000001e9d4125e80 JavaThread "JdkHttpClient-0-0"          daemon [_thread_blocked, id=3392, stack(0x00000031b5300000,0x00000031b5400000) (1024K)]
  0x000001e9d4127f50 JavaThread "CompletableFutureDelayScheduler" daemon [_thread_blocked, id=24844, stack(0x00000031b5400000,0x00000031b5500000) (1024K)]
  0x000001e9d4126510 JavaThread "JdkHttpClient-1-1"          daemon [_thread_blocked, id=6052, stack(0x00000031b5500000,0x00000031b5600000) (1024K)]
  0x000001e9d41278c0 JavaThread "JdkHttpClient-0-1"          daemon [_thread_blocked, id=19608, stack(0x00000031b5600000,0x00000031b5700000) (1024K)]
  0x000001e9d548bcf0 JavaThread "JdkHttpClient-1-2"          daemon [_thread_blocked, id=28872, stack(0x00000031b5700000,0x00000031b5800000) (1024K)]
  0x000001e9d548e450 JavaThread "JdkHttpClient-0-2"          daemon [_thread_blocked, id=8332, stack(0x00000031b5800000,0x00000031b5900000) (1024K)]
  0x000001e9d548c380 JavaThread "JdkHttpClient-0-3"          daemon [_thread_blocked, id=31988, stack(0x00000031b5900000,0x00000031b5a00000) (1024K)]
  0x000001e9d548eae0 JavaThread "JdkHttpClient-1-3"          daemon [_thread_blocked, id=2768, stack(0x00000031b5a00000,0x00000031b5b00000) (1024K)]
  0x000001e9ffa2d180 JavaThread "C2 CompilerThread1"         daemon [_thread_in_native, id=33896, stack(0x00000031b5b00000,0x00000031b5c00000) (1024K)]
Total: 38

Other Threads:
  0x000001e9ff03c290 VMThread "VM Thread"                           [id=8040, stack(0x00000031b3200000,0x00000031b3300000) (1024K)]
  0x000001e9ff0283a0 WatcherThread "VM Periodic Task Thread"        [id=16624, stack(0x00000031b3100000,0x00000031b3200000) (1024K)]
  0x000001e9f6b887a0 WorkerThread "GC Thread#0"                     [id=11684, stack(0x00000031b2c00000,0x00000031b2d00000) (1024K)]
  0x000001e9ffaf5b70 WorkerThread "GC Thread#1"                     [id=16216, stack(0x00000031b3f00000,0x00000031b4000000) (1024K)]
  0x000001e9ffaf5f10 WorkerThread "GC Thread#2"                     [id=31144, stack(0x00000031b4000000,0x00000031b4100000) (1024K)]
  0x000001e9ffaf62b0 WorkerThread "GC Thread#3"                     [id=27064, stack(0x00000031b4100000,0x00000031b4200000) (1024K)]
  0x000001e9f6b98e50 ConcurrentGCThread "G1 Main Marker"            [id=24080, stack(0x00000031b2d00000,0x00000031b2e00000) (1024K)]
  0x000001e9f6b99860 WorkerThread "G1 Conc#0"                       [id=11716, stack(0x00000031b2e00000,0x00000031b2f00000) (1024K)]
  0x000001e9feef24d0 ConcurrentGCThread "G1 Refine#0"               [id=27404, stack(0x00000031b2f00000,0x00000031b3000000) (1024K)]
  0x000001e9feef2f50 ConcurrentGCThread "G1 Service"                [id=25360, stack(0x00000031b3000000,0x00000031b3100000) (1024K)]
Total: 10

Threads with active compile tasks:
C2 CompilerThread0  8421 2614       4       sun.invoke.util.VerifyAccess::isSamePackage (37 bytes)
C2 CompilerThread1  8421 2635       4       java.util.HashSet::add (20 bytes)
Total: 2

VM state: not at safepoint (normal execution)

VM Mutex/Monitor currently owned by a thread: None

Heap address: 0x0000000084200000, size: 1982 MB, Compressed Oops mode: 32-bit

CDS archive(s) mapped at: [0x000001e98f000000-0x000001e98fc80000-0x000001e98fc80000), size 13107200, SharedBaseAddress: 0x000001e98f000000, ArchiveRelocationMode: 1.
Compressed class space mapped at: 0x000001e990000000-0x000001e9d0000000, reserved size: 1073741824
Narrow klass base: 0x000001e98f000000, Narrow klass shift: 0, Narrow klass range: 0x100000000

GC Precious Log:
 CardTable entry size: 512
 Card Set container configuration: InlinePtr #cards 5 size 8 Array Of Cards #cards 12 size 40 Howl #buckets 4 coarsen threshold 1843 Howl Bitmap #cards 512 size 80 coarsen threshold 460 Card regions per heap region 1 cards per card region 2048
 CPUs: 4 total, 4 available
 Memory: 7926M
 Large Page Support: Disabled
 NUMA Support: Disabled
 Compressed Oops: Enabled (32-bit)
 Heap Region Size: 1M
 Heap Min Capacity: 8M
 Heap Initial Capacity: 124M
 Heap Max Capacity: 1982M
 Pre-touch: Disabled
 Parallel Workers: 4
 Concurrent Workers: 1
 Concurrent Refinement Workers: 4
 Periodic GC: Disabled

Heap:
 garbage-first heap   total 126976K, used 25498K [0x0000000084200000, 0x0000000100000000)
  region size 1024K, 19 young (19456K), 4 survivors (4096K)
 Metaspace       used 19629K, committed 20160K, reserved 1114112K
  class space    used 2481K, committed 2752K, reserved 1048576K

Heap Regions: E=young(eden), S=young(survivor), O=old, HS=humongous(starts), HC=humongous(continues), CS=collection set, F=free, TAMS=top-at-mark-start, PB=parsable bottom
|   0|0x0000000084200000, 0x0000000084300000, 0x0000000084300000|100%|HS|  |TAMS 0x0000000084200000| PB 0x0000000084200000| Complete 
|   1|0x0000000084300000, 0x0000000084400000, 0x0000000084400000|100%| O|  |TAMS 0x0000000084300000| PB 0x0000000084300000| Untracked 
|   2|0x0000000084400000, 0x0000000084500000, 0x0000000084500000|100%| O|  |TAMS 0x0000000084400000| PB 0x0000000084400000| Untracked 
|   3|0x0000000084500000, 0x0000000084600000, 0x0000000084600000|100%| O|  |TAMS 0x0000000084500000| PB 0x0000000084500000| Untracked 
|   4|0x0000000084600000, 0x0000000084700000, 0x0000000084700000|100%| O|  |TAMS 0x0000000084600000| PB 0x0000000084600000| Untracked 
|   5|0x0000000084700000, 0x0000000084800000, 0x0000000084800000|100%| O|  |TAMS 0x0000000084700000| PB 0x0000000084700000| Untracked 
|   6|0x0000000084800000, 0x00000000848e6bb0, 0x0000000084900000| 90%| O|  |TAMS 0x0000000084800000| PB 0x0000000084800000| Untracked 
|   7|0x0000000084900000, 0x0000000084900000, 0x0000000084a00000|  0%| F|  |TAMS 0x0000000084900000| PB 0x0000000084900000| Untracked 
|   8|0x0000000084a00000, 0x0000000084a00000, 0x0000000084b00000|  0%| F|  |TAMS 0x0000000084a00000| PB 0x0000000084a00000| Untracked 
|   9|0x0000000084b00000, 0x0000000084b00000, 0x0000000084c00000|  0%| F|  |TAMS 0x0000000084b00000| PB 0x0000000084b00000| Untracked 
|  10|0x0000000084c00000, 0x0000000084c00000, 0x0000000084d00000|  0%| F|  |TAMS 0x0000000084c00000| PB 0x0000000084c00000| Untracked 
|  11|0x0000000084d00000, 0x0000000084d00000, 0x0000000084e00000|  0%| F|  |TAMS 0x0000000084d00000| PB 0x0000000084d00000| Untracked 
|  12|0x0000000084e00000, 0x0000000084e00000, 0x0000000084f00000|  0%| F|  |TAMS 0x0000000084e00000| PB 0x0000000084e00000| Untracked 
|  13|0x0000000084f00000, 0x0000000084f00000, 0x0000000085000000|  0%| F|  |TAMS 0x0000000084f00000| PB 0x0000000084f00000| Untracked 
|  14|0x0000000085000000, 0x0000000085000000, 0x0000000085100000|  0%| F|  |TAMS 0x0000000085000000| PB 0x0000000085000000| Untracked 
|  15|0x0000000085100000, 0x0000000085100000, 0x0000000085200000|  0%| F|  |TAMS 0x0000000085100000| PB 0x0000000085100000| Untracked 
|  16|0x0000000085200000, 0x0000000085200000, 0x0000000085300000|  0%| F|  |TAMS 0x0000000085200000| PB 0x0000000085200000| Untracked 
|  17|0x0000000085300000, 0x0000000085300000, 0x0000000085400000|  0%| F|  |TAMS 0x0000000085300000| PB 0x0000000085300000| Untracked 
|  18|0x0000000085400000, 0x0000000085400000, 0x0000000085500000|  0%| F|  |TAMS 0x0000000085400000| PB 0x0000000085400000| Untracked 
|  19|0x0000000085500000, 0x0000000085500000, 0x0000000085600000|  0%| F|  |TAMS 0x0000000085500000| PB 0x0000000085500000| Untracked 
|  20|0x0000000085600000, 0x0000000085600000, 0x0000000085700000|  0%| F|  |TAMS 0x0000000085600000| PB 0x0000000085600000| Untracked 
|  21|0x0000000085700000, 0x0000000085700000, 0x0000000085800000|  0%| F|  |TAMS 0x0000000085700000| PB 0x0000000085700000| Untracked 
|  22|0x0000000085800000, 0x0000000085800000, 0x0000000085900000|  0%| F|  |TAMS 0x0000000085800000| PB 0x0000000085800000| Untracked 
|  23|0x0000000085900000, 0x0000000085900000, 0x0000000085a00000|  0%| F|  |TAMS 0x0000000085900000| PB 0x0000000085900000| Untracked 
|  24|0x0000000085a00000, 0x0000000085a00000, 0x0000000085b00000|  0%| F|  |TAMS 0x0000000085a00000| PB 0x0000000085a00000| Untracked 
|  25|0x0000000085b00000, 0x0000000085b00000, 0x0000000085c00000|  0%| F|  |TAMS 0x0000000085b00000| PB 0x0000000085b00000| Untracked 
|  26|0x0000000085c00000, 0x0000000085c00000, 0x0000000085d00000|  0%| F|  |TAMS 0x0000000085c00000| PB 0x0000000085c00000| Untracked 
|  27|0x0000000085d00000, 0x0000000085d00000, 0x0000000085e00000|  0%| F|  |TAMS 0x0000000085d00000| PB 0x0000000085d00000| Untracked 
|  28|0x0000000085e00000, 0x0000000085e00000, 0x0000000085f00000|  0%| F|  |TAMS 0x0000000085e00000| PB 0x0000000085e00000| Untracked 
|  29|0x0000000085f00000, 0x0000000085f00000, 0x0000000086000000|  0%| F|  |TAMS 0x0000000085f00000| PB 0x0000000085f00000| Untracked 
|  30|0x0000000086000000, 0x0000000086000000, 0x0000000086100000|  0%| F|  |TAMS 0x0000000086000000| PB 0x0000000086000000| Untracked 
|  31|0x0000000086100000, 0x0000000086100000, 0x0000000086200000|  0%| F|  |TAMS 0x0000000086100000| PB 0x0000000086100000| Untracked 
|  32|0x0000000086200000, 0x0000000086200000, 0x0000000086300000|  0%| F|  |TAMS 0x0000000086200000| PB 0x0000000086200000| Untracked 
|  33|0x0000000086300000, 0x0000000086300000, 0x0000000086400000|  0%| F|  |TAMS 0x0000000086300000| PB 0x0000000086300000| Untracked 
|  34|0x0000000086400000, 0x0000000086400000, 0x0000000086500000|  0%| F|  |TAMS 0x0000000086400000| PB 0x0000000086400000| Untracked 
|  35|0x0000000086500000, 0x0000000086500000, 0x0000000086600000|  0%| F|  |TAMS 0x0000000086500000| PB 0x0000000086500000| Untracked 
|  36|0x0000000086600000, 0x0000000086600000, 0x0000000086700000|  0%| F|  |TAMS 0x0000000086600000| PB 0x0000000086600000| Untracked 
|  37|0x0000000086700000, 0x0000000086700000, 0x0000000086800000|  0%| F|  |TAMS 0x0000000086700000| PB 0x0000000086700000| Untracked 
|  38|0x0000000086800000, 0x0000000086800000, 0x0000000086900000|  0%| F|  |TAMS 0x0000000086800000| PB 0x0000000086800000| Untracked 
|  39|0x0000000086900000, 0x0000000086900000, 0x0000000086a00000|  0%| F|  |TAMS 0x0000000086900000| PB 0x0000000086900000| Untracked 
|  40|0x0000000086a00000, 0x0000000086a00000, 0x0000000086b00000|  0%| F|  |TAMS 0x0000000086a00000| PB 0x0000000086a00000| Untracked 
|  41|0x0000000086b00000, 0x0000000086b00000, 0x0000000086c00000|  0%| F|  |TAMS 0x0000000086b00000| PB 0x0000000086b00000| Untracked 
|  42|0x0000000086c00000, 0x0000000086c00000, 0x0000000086d00000|  0%| F|  |TAMS 0x0000000086c00000| PB 0x0000000086c00000| Untracked 
|  43|0x0000000086d00000, 0x0000000086d00000, 0x0000000086e00000|  0%| F|  |TAMS 0x0000000086d00000| PB 0x0000000086d00000| Untracked 
|  44|0x0000000086e00000, 0x0000000086e00000, 0x0000000086f00000|  0%| F|  |TAMS 0x0000000086e00000| PB 0x0000000086e00000| Untracked 
|  45|0x0000000086f00000, 0x0000000086f00000, 0x0000000087000000|  0%| F|  |TAMS 0x0000000086f00000| PB 0x0000000086f00000| Untracked 
|  46|0x0000000087000000, 0x0000000087000000, 0x0000000087100000|  0%| F|  |TAMS 0x0000000087000000| PB 0x0000000087000000| Untracked 
|  47|0x0000000087100000, 0x0000000087100000, 0x0000000087200000|  0%| F|  |TAMS 0x0000000087100000| PB 0x0000000087100000| Untracked 
|  48|0x0000000087200000, 0x0000000087200000, 0x0000000087300000|  0%| F|  |TAMS 0x0000000087200000| PB 0x0000000087200000| Untracked 
|  49|0x0000000087300000, 0x0000000087300000, 0x0000000087400000|  0%| F|  |TAMS 0x0000000087300000| PB 0x0000000087300000| Untracked 
|  50|0x0000000087400000, 0x0000000087400000, 0x0000000087500000|  0%| F|  |TAMS 0x0000000087400000| PB 0x0000000087400000| Untracked 
|  51|0x0000000087500000, 0x0000000087500000, 0x0000000087600000|  0%| F|  |TAMS 0x0000000087500000| PB 0x0000000087500000| Untracked 
|  52|0x0000000087600000, 0x0000000087600000, 0x0000000087700000|  0%| F|  |TAMS 0x0000000087600000| PB 0x0000000087600000| Untracked 
|  53|0x0000000087700000, 0x0000000087700000, 0x0000000087800000|  0%| F|  |TAMS 0x0000000087700000| PB 0x0000000087700000| Untracked 
|  54|0x0000000087800000, 0x0000000087800000, 0x0000000087900000|  0%| F|  |TAMS 0x0000000087800000| PB 0x0000000087800000| Untracked 
|  55|0x0000000087900000, 0x0000000087900000, 0x0000000087a00000|  0%| F|  |TAMS 0x0000000087900000| PB 0x0000000087900000| Untracked 
|  56|0x0000000087a00000, 0x0000000087a00000, 0x0000000087b00000|  0%| F|  |TAMS 0x0000000087a00000| PB 0x0000000087a00000| Untracked 
|  57|0x0000000087b00000, 0x0000000087b00000, 0x0000000087c00000|  0%| F|  |TAMS 0x0000000087b00000| PB 0x0000000087b00000| Untracked 
|  58|0x0000000087c00000, 0x0000000087c00000, 0x0000000087d00000|  0%| F|  |TAMS 0x0000000087c00000| PB 0x0000000087c00000| Untracked 
|  59|0x0000000087d00000, 0x0000000087d00000, 0x0000000087e00000|  0%| F|  |TAMS 0x0000000087d00000| PB 0x0000000087d00000| Untracked 
|  60|0x0000000087e00000, 0x0000000087e00000, 0x0000000087f00000|  0%| F|  |TAMS 0x0000000087e00000| PB 0x0000000087e00000| Untracked 
|  61|0x0000000087f00000, 0x0000000087f00000, 0x0000000088000000|  0%| F|  |TAMS 0x0000000087f00000| PB 0x0000000087f00000| Untracked 
|  62|0x0000000088000000, 0x0000000088000000, 0x0000000088100000|  0%| F|  |TAMS 0x0000000088000000| PB 0x0000000088000000| Untracked 
|  63|0x0000000088100000, 0x0000000088100000, 0x0000000088200000|  0%| F|  |TAMS 0x0000000088100000| PB 0x0000000088100000| Untracked 
|  64|0x0000000088200000, 0x0000000088200000, 0x0000000088300000|  0%| F|  |TAMS 0x0000000088200000| PB 0x0000000088200000| Untracked 
|  65|0x0000000088300000, 0x0000000088300000, 0x0000000088400000|  0%| F|  |TAMS 0x0000000088300000| PB 0x0000000088300000| Untracked 
|  66|0x0000000088400000, 0x0000000088400000, 0x0000000088500000|  0%| F|  |TAMS 0x0000000088400000| PB 0x0000000088400000| Untracked 
|  67|0x0000000088500000, 0x0000000088500000, 0x0000000088600000|  0%| F|  |TAMS 0x0000000088500000| PB 0x0000000088500000| Untracked 
|  68|0x0000000088600000, 0x0000000088600000, 0x0000000088700000|  0%| F|  |TAMS 0x0000000088600000| PB 0x0000000088600000| Untracked 
|  69|0x0000000088700000, 0x0000000088700000, 0x0000000088800000|  0%| F|  |TAMS 0x0000000088700000| PB 0x0000000088700000| Untracked 
|  70|0x0000000088800000, 0x0000000088800000, 0x0000000088900000|  0%| F|  |TAMS 0x0000000088800000| PB 0x0000000088800000| Untracked 
|  71|0x0000000088900000, 0x0000000088900000, 0x0000000088a00000|  0%| F|  |TAMS 0x0000000088900000| PB 0x0000000088900000| Untracked 
|  72|0x0000000088a00000, 0x0000000088a00000, 0x0000000088b00000|  0%| F|  |TAMS 0x0000000088a00000| PB 0x0000000088a00000| Untracked 
|  73|0x0000000088b00000, 0x0000000088b00000, 0x0000000088c00000|  0%| F|  |TAMS 0x0000000088b00000| PB 0x0000000088b00000| Untracked 
|  74|0x0000000088c00000, 0x0000000088c00000, 0x0000000088d00000|  0%| F|  |TAMS 0x0000000088c00000| PB 0x0000000088c00000| Untracked 
|  75|0x0000000088d00000, 0x0000000088d00000, 0x0000000088e00000|  0%| F|  |TAMS 0x0000000088d00000| PB 0x0000000088d00000| Untracked 
|  76|0x0000000088e00000, 0x0000000088e00000, 0x0000000088f00000|  0%| F|  |TAMS 0x0000000088e00000| PB 0x0000000088e00000| Untracked 
|  77|0x0000000088f00000, 0x0000000088f00000, 0x0000000089000000|  0%| F|  |TAMS 0x0000000088f00000| PB 0x0000000088f00000| Untracked 
|  78|0x0000000089000000, 0x0000000089000000, 0x0000000089100000|  0%| F|  |TAMS 0x0000000089000000| PB 0x0000000089000000| Untracked 
|  79|0x0000000089100000, 0x0000000089100000, 0x0000000089200000|  0%| F|  |TAMS 0x0000000089100000| PB 0x0000000089100000| Untracked 
|  80|0x0000000089200000, 0x0000000089200000, 0x0000000089300000|  0%| F|  |TAMS 0x0000000089200000| PB 0x0000000089200000| Untracked 
|  81|0x0000000089300000, 0x0000000089300000, 0x0000000089400000|  0%| F|  |TAMS 0x0000000089300000| PB 0x0000000089300000| Untracked 
|  82|0x0000000089400000, 0x0000000089400000, 0x0000000089500000|  0%| F|  |TAMS 0x0000000089400000| PB 0x0000000089400000| Untracked 
|  83|0x0000000089500000, 0x0000000089500000, 0x0000000089600000|  0%| F|  |TAMS 0x0000000089500000| PB 0x0000000089500000| Untracked 
|  84|0x0000000089600000, 0x0000000089600000, 0x0000000089700000|  0%| F|  |TAMS 0x0000000089600000| PB 0x0000000089600000| Untracked 
|  85|0x0000000089700000, 0x0000000089700000, 0x0000000089800000|  0%| F|  |TAMS 0x0000000089700000| PB 0x0000000089700000| Untracked 
|  86|0x0000000089800000, 0x0000000089800000, 0x0000000089900000|  0%| F|  |TAMS 0x0000000089800000| PB 0x0000000089800000| Untracked 
|  87|0x0000000089900000, 0x0000000089900000, 0x0000000089a00000|  0%| F|  |TAMS 0x0000000089900000| PB 0x0000000089900000| Untracked 
|  88|0x0000000089a00000, 0x0000000089a00000, 0x0000000089b00000|  0%| F|  |TAMS 0x0000000089a00000| PB 0x0000000089a00000| Untracked 
|  89|0x0000000089b00000, 0x0000000089c00000, 0x0000000089c00000|100%| S|CS|TAMS 0x0000000089b00000| PB 0x0000000089b00000| Complete 
|  90|0x0000000089c00000, 0x0000000089d00000, 0x0000000089d00000|100%| S|CS|TAMS 0x0000000089c00000| PB 0x0000000089c00000| Complete 
|  91|0x0000000089d00000, 0x0000000089e00000, 0x0000000089e00000|100%| S|CS|TAMS 0x0000000089d00000| PB 0x0000000089d00000| Complete 
|  92|0x0000000089e00000, 0x0000000089f00000, 0x0000000089f00000|100%| S|CS|TAMS 0x0000000089e00000| PB 0x0000000089e00000| Complete 
|  93|0x0000000089f00000, 0x0000000089f00000, 0x000000008a000000|  0%| F|  |TAMS 0x0000000089f00000| PB 0x0000000089f00000| Untracked 
|  94|0x000000008a000000, 0x000000008a000000, 0x000000008a100000|  0%| F|  |TAMS 0x000000008a000000| PB 0x000000008a000000| Untracked 
|  95|0x000000008a100000, 0x000000008a100000, 0x000000008a200000|  0%| F|  |TAMS 0x000000008a100000| PB 0x000000008a100000| Untracked 
|  96|0x000000008a200000, 0x000000008a200000, 0x000000008a300000|  0%| F|  |TAMS 0x000000008a200000| PB 0x000000008a200000| Untracked 
|  97|0x000000008a300000, 0x000000008a300000, 0x000000008a400000|  0%| F|  |TAMS 0x000000008a300000| PB 0x000000008a300000| Untracked 
|  98|0x000000008a400000, 0x000000008a400000, 0x000000008a500000|  0%| F|  |TAMS 0x000000008a400000| PB 0x000000008a400000| Untracked 
|  99|0x000000008a500000, 0x000000008a500000, 0x000000008a600000|  0%| F|  |TAMS 0x000000008a500000| PB 0x000000008a500000| Untracked 
| 100|0x000000008a600000, 0x000000008a600000, 0x000000008a700000|  0%| F|  |TAMS 0x000000008a600000| PB 0x000000008a600000| Untracked 
| 101|0x000000008a700000, 0x000000008a700000, 0x000000008a800000|  0%| F|  |TAMS 0x000000008a700000| PB 0x000000008a700000| Untracked 
| 102|0x000000008a800000, 0x000000008a800000, 0x000000008a900000|  0%| F|  |TAMS 0x000000008a800000| PB 0x000000008a800000| Untracked 
| 103|0x000000008a900000, 0x000000008a900000, 0x000000008aa00000|  0%| F|  |TAMS 0x000000008a900000| PB 0x000000008a900000| Untracked 
| 104|0x000000008aa00000, 0x000000008aa00000, 0x000000008ab00000|  0%| F|  |TAMS 0x000000008aa00000| PB 0x000000008aa00000| Untracked 
| 105|0x000000008ab00000, 0x000000008ab00000, 0x000000008ac00000|  0%| F|  |TAMS 0x000000008ab00000| PB 0x000000008ab00000| Untracked 
| 106|0x000000008ac00000, 0x000000008ac00000, 0x000000008ad00000|  0%| F|  |TAMS 0x000000008ac00000| PB 0x000000008ac00000| Untracked 
| 107|0x000000008ad00000, 0x000000008ad00000, 0x000000008ae00000|  0%| F|  |TAMS 0x000000008ad00000| PB 0x000000008ad00000| Untracked 
| 108|0x000000008ae00000, 0x000000008ae00000, 0x000000008af00000|  0%| F|  |TAMS 0x000000008ae00000| PB 0x000000008ae00000| Untracked 
| 109|0x000000008af00000, 0x000000008af816e0, 0x000000008b000000| 50%| E|  |TAMS 0x000000008af00000| PB 0x000000008af00000| Complete 
| 110|0x000000008b000000, 0x000000008b100000, 0x000000008b100000|100%| E|CS|TAMS 0x000000008b000000| PB 0x000000008b000000| Complete 
| 111|0x000000008b100000, 0x000000008b200000, 0x000000008b200000|100%| E|CS|TAMS 0x000000008b100000| PB 0x000000008b100000| Complete 
| 112|0x000000008b200000, 0x000000008b300000, 0x000000008b300000|100%| E|CS|TAMS 0x000000008b200000| PB 0x000000008b200000| Complete 
| 113|0x000000008b300000, 0x000000008b400000, 0x000000008b400000|100%| E|CS|TAMS 0x000000008b300000| PB 0x000000008b300000| Complete 
| 114|0x000000008b400000, 0x000000008b500000, 0x000000008b500000|100%| E|CS|TAMS 0x000000008b400000| PB 0x000000008b400000| Complete 
| 115|0x000000008b500000, 0x000000008b600000, 0x000000008b600000|100%| E|CS|TAMS 0x000000008b500000| PB 0x000000008b500000| Complete 
| 116|0x000000008b600000, 0x000000008b700000, 0x000000008b700000|100%| E|CS|TAMS 0x000000008b600000| PB 0x000000008b600000| Complete 
| 117|0x000000008b700000, 0x000000008b800000, 0x000000008b800000|100%| E|CS|TAMS 0x000000008b700000| PB 0x000000008b700000| Complete 
| 118|0x000000008b800000, 0x000000008b900000, 0x000000008b900000|100%| E|CS|TAMS 0x000000008b800000| PB 0x000000008b800000| Complete 
| 119|0x000000008b900000, 0x000000008ba00000, 0x000000008ba00000|100%| E|CS|TAMS 0x000000008b900000| PB 0x000000008b900000| Complete 
| 120|0x000000008ba00000, 0x000000008bb00000, 0x000000008bb00000|100%| E|CS|TAMS 0x000000008ba00000| PB 0x000000008ba00000| Complete 
| 121|0x000000008bb00000, 0x000000008bc00000, 0x000000008bc00000|100%| E|CS|TAMS 0x000000008bb00000| PB 0x000000008bb00000| Complete 
| 122|0x000000008bc00000, 0x000000008bd00000, 0x000000008bd00000|100%| E|CS|TAMS 0x000000008bc00000| PB 0x000000008bc00000| Complete 
| 123|0x000000008bd00000, 0x000000008be00000, 0x000000008be00000|100%| E|CS|TAMS 0x000000008bd00000| PB 0x000000008bd00000| Complete 

Card table byte_map: [0x000001e9fa8b0000,0x000001e9fac90000] _byte_map_base: 0x000001e9fa48f000

Marking Bits: (CMBitMap*) 0x000001e9f6b88db0
 Bits: [0x000001e9fac90000, 0x000001e9fcb88000)

Polling page: 0x000001e9f4c20000

Metaspace:

Usage:
  Non-class:     16.75 MB used.
      Class:      2.42 MB used.
       Both:     19.18 MB used.

Virtual space:
  Non-class space:       64.00 MB reserved,      17.00 MB ( 27%) committed,  1 nodes.
      Class space:        1.00 GB reserved,       2.69 MB ( <1%) committed,  1 nodes.
             Both:        1.06 GB reserved,      19.69 MB (  2%) committed. 

Chunk freelists:
   Non-Class:  15.03 MB
       Class:  13.30 MB
        Both:  28.33 MB

MaxMetaspaceSize: unlimited
CompressedClassSpaceSize: 1.00 GB
Initial GC threshold: 21.00 MB
Current GC threshold: 21.00 MB
CDS: on
 - commit_granule_bytes: 65536.
 - commit_granule_words: 8192.
 - virtual_space_node_default_size: 8388608.
 - enlarge_chunks_in_place: 1.
 - use_allocation_guard: 0.


Internal statistics:

num_allocs_failed_limit: 0.
num_arena_births: 566.
num_arena_deaths: 0.
num_vsnodes_births: 2.
num_vsnodes_deaths: 0.
num_space_committed: 315.
num_space_uncommitted: 0.
num_chunks_returned_to_freelist: 0.
num_chunks_taken_from_freelist: 1159.
num_chunk_merges: 0.
num_chunk_splits: 686.
num_chunks_enlarged: 361.
num_inconsistent_stats: 0.

CodeHeap 'non-profiled nmethods': size=120000Kb used=1020Kb max_used=1020Kb free=118979Kb
 bounds [0x000001e987ad0000, 0x000001e987d40000, 0x000001e98f000000]
CodeHeap 'profiled nmethods': size=120000Kb used=5076Kb max_used=5076Kb free=114923Kb
 bounds [0x000001e980000000, 0x000001e980500000, 0x000001e987530000]
CodeHeap 'non-nmethods': size=5760Kb used=1714Kb max_used=1740Kb free=4045Kb
 bounds [0x000001e987530000, 0x000001e9877a0000, 0x000001e987ad0000]
CodeCache: size=245760Kb, used=7810Kb, max_used=7836Kb, free=237947Kb
 total_blobs=3240, nmethods=2637, adapters=507, full_count=0
Compilation: enabled, stopped_count=0, restarted_count=0

Compilation events (20 events):
Event: 7.910 Thread 0x000001e9ff09fc40 nmethod 2604 0x000001e9804e8910 code [0x000001e9804e8ac0, 0x000001e9804e8c80]
Event: 7.910 Thread 0x000001e9ff09fc40 2607       3       org.openqa.selenium.json.JsonInput::peek (270 bytes)
Event: 7.910 Thread 0x000001e9ff0674c0 2608   !   4       org.openqa.selenium.json.Input::fill (125 bytes)
Event: 7.911 Thread 0x000001e9ff09fc40 nmethod 2607 0x000001e9804e8d90 code [0x000001e9804e9100, 0x000001e9804ea2b8]
Event: 7.912 Thread 0x000001e9ff09fc40 2609       3       org.openqa.selenium.json.JsonInput::readString (106 bytes)
Event: 7.913 Thread 0x000001e9ff0674c0 nmethod 2608 0x000001e987bcce10 code [0x000001e987bccfa0, 0x000001e987bcd1f0]
Event: 7.913 Thread 0x000001e9ff09fc40 nmethod 2609 0x000001e9804ea910 code [0x000001e9804eabe0, 0x000001e9804eb858]
Event: 7.913 Thread 0x000001e9ff09fc40 2610       3       java.util.ArrayDeque::addFirst (51 bytes)
Event: 7.913 Thread 0x000001e9ff09fc40 nmethod 2610 0x000001e9804ebd90 code [0x000001e9804ebf80, 0x000001e9804ec428]
Event: 7.913 Thread 0x000001e9ff09fc40 2611       3       java.util.ArrayDeque::dec (13 bytes)
Event: 7.913 Thread 0x000001e9ff09fc40 nmethod 2611 0x000001e9804ec590 code [0x000001e9804ec720, 0x000001e9804ec848]
Event: 7.916 Thread 0x000001e9ff09fc40 2612       3       java.lang.invoke.MemberName::equals (24 bytes)
Event: 7.916 Thread 0x000001e9ff09fc40 nmethod 2612 0x000001e9804ec910 code [0x000001e9804ecae0, 0x000001e9804ece80]
Event: 7.918 Thread 0x000001e9ff0674c0 2613       4       java.lang.invoke.MethodType::equals (25 bytes)
Event: 7.922 Thread 0x000001e9ff0674c0 nmethod 2613 0x000001e987bcd390 code [0x000001e987bcd540, 0x000001e987bcd768]
Event: 7.925 Thread 0x000001e9ff0674c0 2614       4       sun.invoke.util.VerifyAccess::isSamePackage (37 bytes)
Event: 8.248 Thread 0x000001e9ff09fc40 2616       3       java.util.stream.Collectors::castingIdentity (6 bytes)
Event: 8.248 Thread 0x000001e9ff09fc40 nmethod 2616 0x000001e9804ecf10 code [0x000001e9804ed0c0, 0x000001e9804ed338]
Event: 8.248 Thread 0x000001e9ff09fc40 2617       3       java.util.stream.Collectors$CollectorImpl::<init> (13 bytes)
Event: 8.249 Thread 0x000001e9ff09fc40 nmethod 2617 0x000001e9804ed410 code [0x000001e9804ed600, 0x000001e9804edb98]

GC Heap History (6 events):
Event: 1.249 GC heap before
{Heap before GC invocations=0 (full 0):
 garbage-first heap   total 126976K, used 13312K [0x0000000084200000, 0x0000000100000000)
  region size 1024K, 13 young (13312K), 0 survivors (0K)
 Metaspace       used 5022K, committed 5184K, reserved 1114112K
  class space    used 532K, committed 640K, reserved 1048576K
}
Event: 1.255 GC heap after
{Heap after GC invocations=1 (full 0):
 garbage-first heap   total 126976K, used 6766K [0x0000000084200000, 0x0000000100000000)
  region size 1024K, 2 young (2048K), 2 survivors (2048K)
 Metaspace       used 5022K, committed 5184K, reserved 1114112K
  class space    used 532K, committed 640K, reserved 1048576K
}
Event: 1.772 GC heap before
{Heap before GC invocations=1 (full 0):
 garbage-first heap   total 126976K, used 18030K [0x0000000084200000, 0x0000000100000000)
  region size 1024K, 14 young (14336K), 2 survivors (2048K)
 Metaspace       used 8203K, committed 8384K, reserved 1114112K
  class space    used 902K, committed 960K, reserved 1048576K
}
Event: 1.777 GC heap after
{Heap after GC invocations=2 (full 0):
 garbage-first heap   total 126976K, used 8067K [0x0000000084200000, 0x0000000100000000)
  region size 1024K, 2 young (2048K), 2 survivors (2048K)
 Metaspace       used 8203K, committed 8384K, reserved 1114112K
  class space    used 902K, committed 960K, reserved 1048576K
}
Event: 3.954 GC heap before
{Heap before GC invocations=2 (full 0):
 garbage-first heap   total 126976K, used 36739K [0x0000000084200000, 0x0000000100000000)
  region size 1024K, 31 young (31744K), 2 survivors (2048K)
 Metaspace       used 16815K, committed 17216K, reserved 1114112K
  class space    used 2001K, committed 2176K, reserved 1048576K
}
Event: 3.960 GC heap after
{Heap after GC invocations=3 (full 0):
 garbage-first heap   total 126976K, used 11162K [0x0000000084200000, 0x0000000100000000)
  region size 1024K, 4 young (4096K), 4 survivors (4096K)
 Metaspace       used 16815K, committed 17216K, reserved 1114112K
  class space    used 2001K, committed 2176K, reserved 1048576K
}

Dll operation events (11 events):
Event: 0.024 Loaded shared library C:\Users\User\.p2\pool\plugins\org.eclipse.justj.openjdk.hotspot.jre.full.win32.x86_64_21.0.8.v20250724-1412\jre\bin\java.dll
Event: 0.088 Loaded shared library C:\Users\User\.p2\pool\plugins\org.eclipse.justj.openjdk.hotspot.jre.full.win32.x86_64_21.0.8.v20250724-1412\jre\bin\zip.dll
Event: 0.247 Loaded shared library C:\Users\User\.p2\pool\plugins\org.eclipse.justj.openjdk.hotspot.jre.full.win32.x86_64_21.0.8.v20250724-1412\jre\bin\net.dll
Event: 0.249 Loaded shared library C:\Users\User\.p2\pool\plugins\org.eclipse.justj.openjdk.hotspot.jre.full.win32.x86_64_21.0.8.v20250724-1412\jre\bin\nio.dll
Event: 0.256 Loaded shared library C:\Users\User\.p2\pool\plugins\org.eclipse.justj.openjdk.hotspot.jre.full.win32.x86_64_21.0.8.v20250724-1412\jre\bin\zip.dll
Event: 0.644 Loaded shared library C:\Users\User\.p2\pool\plugins\org.eclipse.justj.openjdk.hotspot.jre.full.win32.x86_64_21.0.8.v20250724-1412\jre\bin\jimage.dll
Event: 0.726 Loaded shared library C:\Users\User\.p2\pool\plugins\org.eclipse.justj.openjdk.hotspot.jre.full.win32.x86_64_21.0.8.v20250724-1412\jre\bin\verify.dll
Event: 0.829 Loaded shared library C:\Users\User\.p2\pool\plugins\org.eclipse.justj.openjdk.hotspot.jre.full.win32.x86_64_21.0.8.v20250724-1412\jre\bin\extnet.dll
Event: 2.675 Loaded shared library C:\Users\User\.p2\pool\plugins\org.eclipse.justj.openjdk.hotspot.jre.full.win32.x86_64_21.0.8.v20250724-1412\jre\bin\management.dll
Event: 2.710 Loaded shared library C:\Users\User\.p2\pool\plugins\org.eclipse.justj.openjdk.hotspot.jre.full.win32.x86_64_21.0.8.v20250724-1412\jre\bin\management_ext.dll
Event: 3.620 Loaded shared library C:\Users\User\.p2\pool\plugins\org.eclipse.justj.openjdk.hotspot.jre.full.win32.x86_64_21.0.8.v20250724-1412\jre\bin\sunmscapi.dll

Deoptimization events (20 events):
Event: 3.982 Thread 0x000001e9d4123720 DEOPT PACKING pc=0x000001e987b4f6e4 sp=0x00000031b46fd250
Event: 3.982 Thread 0x000001e9d4120fc0 DEOPT PACKING pc=0x000001e987b4f6e4 sp=0x00000031b45fd1c0
Event: 3.982 Thread 0x000001e9d4123720 DEOPT UNPACKING pc=0x000001e987587da2 sp=0x00000031b46fd1e8 mode 2
Event: 3.982 Thread 0x000001e9d4120fc0 DEOPT UNPACKING pc=0x000001e987587da2 sp=0x00000031b45fd158 mode 2
Event: 3.982 Thread 0x000001e9d4123720 Uncommon trap: trap_request=0xffffffde fr.pc=0x000001e987b9bf7c relative=0x000000000000057c
Event: 3.982 Thread 0x000001e9d4123720 Uncommon trap: reason=class_check action=maybe_recompile pc=0x000001e987b9bf7c method=java.util.regex.Matcher.search(I)Z @ 121 c2
Event: 3.982 Thread 0x000001e9d4120fc0 Uncommon trap: trap_request=0xffffffde fr.pc=0x000001e987b9bf7c relative=0x000000000000057c
Event: 3.982 Thread 0x000001e9d4123720 DEOPT PACKING pc=0x000001e987b9bf7c sp=0x00000031b46fd470
Event: 3.982 Thread 0x000001e9d4123720 DEOPT UNPACKING pc=0x000001e987587da2 sp=0x00000031b46fd450 mode 2
Event: 3.982 Thread 0x000001e9d4120fc0 Uncommon trap: reason=class_check action=maybe_recompile pc=0x000001e987b9bf7c method=java.util.regex.Matcher.search(I)Z @ 121 c2
Event: 3.982 Thread 0x000001e9d4123720 Uncommon trap: trap_request=0xffffffde fr.pc=0x000001e987b9bf7c relative=0x000000000000057c
Event: 3.982 Thread 0x000001e9d4123720 Uncommon trap: reason=class_check action=maybe_recompile pc=0x000001e987b9bf7c method=java.util.regex.Matcher.search(I)Z @ 121 c2
Event: 3.982 Thread 0x000001e9d4120fc0 DEOPT PACKING pc=0x000001e987b9bf7c sp=0x00000031b45fd3e0
Event: 3.982 Thread 0x000001e9d4120fc0 DEOPT UNPACKING pc=0x000001e987587da2 sp=0x00000031b45fd3c0 mode 2
Event: 3.982 Thread 0x000001e9d4123720 DEOPT PACKING pc=0x000001e987b9bf7c sp=0x00000031b46fd540
Event: 3.982 Thread 0x000001e9d4120fc0 Uncommon trap: trap_request=0xffffffde fr.pc=0x000001e987b9bf7c relative=0x000000000000057c
Event: 3.982 Thread 0x000001e9d4120fc0 Uncommon trap: reason=class_check action=maybe_recompile pc=0x000001e987b9bf7c method=java.util.regex.Matcher.search(I)Z @ 121 c2
Event: 3.982 Thread 0x000001e9d4120fc0 DEOPT PACKING pc=0x000001e987b9bf7c sp=0x00000031b45fd4b0
Event: 3.982 Thread 0x000001e9d4123720 DEOPT UNPACKING pc=0x000001e987587da2 sp=0x00000031b46fd520 mode 2
Event: 3.982 Thread 0x000001e9d4120fc0 DEOPT UNPACKING pc=0x000001e987587da2 sp=0x00000031b45fd490 mode 2

Classes loaded (20 events):
Event: 7.865 Loading class java/util/stream/LongPipeline
Event: 7.866 Loading class java/util/stream/LongStream
Event: 7.866 Loading class java/util/stream/LongStream done
Event: 7.871 Loading class java/util/stream/LongPipeline done
Event: 7.871 Loading class java/util/stream/LongPipeline$StatelessOp done
Event: 7.871 Loading class java/util/stream/ReferencePipeline$5 done
Event: 7.872 Loading class java/util/stream/FindOps$FindSink$OfLong
Event: 7.873 Loading class java/util/stream/Sink$OfLong
Event: 7.873 Loading class java/util/stream/Sink$OfLong done
Event: 7.873 Loading class java/util/stream/FindOps$FindSink$OfLong done
Event: 7.873 Loading class java/util/OptionalLong
Event: 7.873 Loading class java/util/OptionalLong done
Event: 7.875 Loading class java/util/stream/ReferencePipeline$5$1
Event: 7.875 Loading class java/util/stream/ReferencePipeline$5$1 done
Event: 7.875 Loading class java/lang/invoke/VarHandleBytes$FieldInstanceReadWrite
Event: 7.878 Loading class java/lang/invoke/VarHandleBytes$FieldInstanceReadOnly
Event: 7.886 Loading class java/lang/invoke/VarHandleBytes$FieldInstanceReadOnly done
Event: 7.886 Loading class java/lang/invoke/VarHandleBytes$FieldInstanceReadWrite done
Event: 7.904 Loading class java/util/LinkedList$DescendingIterator
Event: 7.905 Loading class java/util/LinkedList$DescendingIterator done

Classes unloaded (0 events):
No events

Classes redefined (0 events):
No events

Internal exceptions (20 events):
Event: 3.987 Thread 0x000001e9d4123720 Exception <a 'java/lang/NoSuchMethodError'{0x000000008bca68a0}: 'java.lang.Object java.lang.invoke.DirectMethodHandle$Holder.invokeVirtual(java.lang.Object, java.lang.Object, java.lang.Object, java.lang.Object)'> (0x000000008bca68a0) 
thrown [s\src\hotspot\share\interpreter\linkResolver.cpp, line 773]
Event: 3.987 Thread 0x000001e9d4120fc0 Exception <a 'java/lang/NoSuchMethodError'{0x000000008bcdbd30}: 'java.lang.Object java.lang.invoke.DirectMethodHandle$Holder.invokeVirtual(java.lang.Object, java.lang.Object, java.lang.Object, java.lang.Object)'> (0x000000008bcdbd30) 
thrown [s\src\hotspot\share\interpreter\linkResolver.cpp, line 773]
Event: 4.043 Thread 0x000001e9d41285e0 Exception <a 'java/net/ConnectException'{0x000000008ba03950}: Connection refused: getsockopt> (0x000000008ba03950) 
thrown [s\src\hotspot\share\prims\jni.cpp, line 539]
Event: 4.043 Thread 0x000001e9d4121ce0 Exception <a 'java/net/ConnectException'{0x000000008bb4f130}: Connection refused: getsockopt> (0x000000008bb4f130) 
thrown [s\src\hotspot\share\prims\jni.cpp, line 539]
Event: 4.071 Thread 0x000001e9d4121ce0 Exception <a 'java/net/ConnectException'{0x000000008bb50148}: Connection refused: getsockopt> (0x000000008bb50148) 
thrown [s\src\hotspot\share\prims\jni.cpp, line 539]
Event: 4.074 Thread 0x000001e9d41285e0 Exception <a 'java/net/ConnectException'{0x000000008ba04950}: Connection refused: getsockopt> (0x000000008ba04950) 
thrown [s\src\hotspot\share\prims\jni.cpp, line 539]
Event: 4.127 Thread 0x000001e9d4120fc0 Exception <a 'java/lang/NoSuchMethodError'{0x000000008b95e398}: 'java.lang.Object java.lang.invoke.DirectMethodHandle$Holder.newInvokeSpecial(java.lang.Object, java.lang.Object, int, int)'> (0x000000008b95e398) 
thrown [s\src\hotspot\share\interpreter\linkResolver.cpp, line 773]
Event: 4.127 Thread 0x000001e9d4123720 Exception <a 'java/lang/NoSuchMethodError'{0x000000008b92d450}: 'java.lang.Object java.lang.invoke.DirectMethodHandle$Holder.newInvokeSpecial(java.lang.Object, java.lang.Object, int, int)'> (0x000000008b92d450) 
thrown [s\src\hotspot\share\interpreter\linkResolver.cpp, line 773]
Event: 4.129 Thread 0x000001e9d4123720 Exception <a 'java/lang/NoSuchMethodError'{0x000000008b980188}: 'void java.lang.invoke.DirectMethodHandle$Holder.invokeStatic(java.lang.Object, java.lang.Object, int)'> (0x000000008b980188) 
thrown [s\src\hotspot\share\interpreter\linkResolver.cpp, line 773]
Event: 4.129 Thread 0x000001e9d4120fc0 Exception <a 'java/lang/NoSuchMethodError'{0x000000008b967e30}: 'void java.lang.invoke.DirectMethodHandle$Holder.invokeStatic(java.lang.Object, java.lang.Object, int)'> (0x000000008b967e30) 
thrown [s\src\hotspot\share\interpreter\linkResolver.cpp, line 773]
Event: 4.176 Thread 0x000001e9d4125e80 Exception <a 'java/lang/NoSuchMethodError'{0x000000008b6bd760}: 'java.lang.Object java.lang.invoke.DirectMethodHandle$Holder.invokeSpecial(java.lang.Object, java.lang.Object, java.lang.Object, java.lang.Object, int)'> (0x000000008b6bd760) 
thrown [s\src\hotspot\share\interpreter\linkResolver.cpp, line 773]
Event: 4.176 Thread 0x000001e9d4126ba0 Exception <a 'java/lang/NoSuchMethodError'{0x000000008b50d388}: 'java.lang.Object java.lang.invoke.DirectMethodHandle$Holder.invokeSpecial(java.lang.Object, java.lang.Object, java.lang.Object, java.lang.Object, int)'> (0x000000008b50d388) 
thrown [s\src\hotspot\share\interpreter\linkResolver.cpp, line 773]
Event: 4.177 Thread 0x000001e9d4126ba0 Exception <a 'java/lang/NoSuchMethodError'{0x000000008b510aa0}: 'java.lang.Object java.lang.invoke.Invokers$Holder.linkToTargetMethod(java.lang.Object, java.lang.Object, int, java.lang.Object)'> (0x000000008b510aa0) 
thrown [s\src\hotspot\share\interpreter\linkResolver.cpp, line 773]
Event: 4.177 Thread 0x000001e9d4125e80 Exception <a 'java/lang/NoSuchMethodError'{0x000000008b6c10b8}: 'java.lang.Object java.lang.invoke.Invokers$Holder.linkToTargetMethod(java.lang.Object, java.lang.Object, int, java.lang.Object)'> (0x000000008b6c10b8) 
thrown [s\src\hotspot\share\interpreter\linkResolver.cpp, line 773]
Event: 4.194 Thread 0x000001e9d4126ba0 Exception <a 'java/lang/NoSuchMethodError'{0x000000008b5cacb8}: 'void java.lang.invoke.DirectMethodHandle$Holder.invokeSpecial(java.lang.Object, java.lang.Object, java.lang.Object, java.lang.Object, java.lang.Object)'> (0x000000008b5cacb8) 
thrown [s\src\hotspot\share\interpreter\linkResolver.cpp, line 773]
Event: 4.194 Thread 0x000001e9d4125e80 Exception <a 'java/lang/NoSuchMethodError'{0x000000008b44b220}: 'void java.lang.invoke.DirectMethodHandle$Holder.invokeSpecial(java.lang.Object, java.lang.Object, java.lang.Object, java.lang.Object, java.lang.Object)'> (0x000000008b44b220) 
thrown [s\src\hotspot\share\interpreter\linkResolver.cpp, line 773]
Event: 7.889 Thread 0x000001e9d4126510 Exception <a 'java/lang/NoSuchMethodError'{0x000000008b105da8}: 'java.lang.Object java.lang.invoke.DirectMethodHandle$Holder.newInvokeSpecial(java.lang.Object, java.lang.Object, long, java.lang.Object, java.lang.Object, java.lang.Object)'> (0x000000008b105da8) 
thrown [s\src\hotspot\share\interpreter\linkResolver.cpp, line 773]
Event: 7.895 Thread 0x000001e9d41278c0 Exception <a 'java/lang/NoSuchMethodError'{0x000000008b3d3178}: 'void java.lang.invoke.DirectMethodHandle$Holder.invokeSpecial(java.lang.Object, java.lang.Object, java.lang.Object, java.lang.Object, java.lang.Object, java.lang.Object, java.lang.Object)'> (0x000000008b3d3178) 
thrown [s\src\hotspot\share\interpreter\linkResolver.cpp, line 773]
Event: 7.915 Thread 0x000001e9d4120fc0 Exception <a 'java/lang/NoSuchMethodError'{0x000000008b19be30}: 'java.lang.Object java.lang.invoke.DirectMethodHandle$Holder.invokeSpecialIFC(java.lang.Object, java.lang.Object, java.lang.Object)'> (0x000000008b19be30) 
thrown [s\src\hotspot\share\interpreter\linkResolver.cpp, line 773]
Event: 7.915 Thread 0x000001e9d4123720 Exception <a 'java/lang/NoSuchMethodError'{0x000000008b8496c8}: 'java.lang.Object java.lang.invoke.DirectMethodHandle$Holder.invokeSpecialIFC(java.lang.Object, java.lang.Object, java.lang.Object)'> (0x000000008b8496c8) 
thrown [s\src\hotspot\share\interpreter\linkResolver.cpp, line 773]

ZGC Phase Switch (0 events):
No events

VM Operations (20 events):
Event: 3.780 Executing VM operation: HandshakeAllThreads (Deoptimize)
Event: 3.780 Executing VM operation: HandshakeAllThreads (Deoptimize) done
Event: 3.780 Executing VM operation: Cleanup
Event: 3.780 Executing VM operation: Cleanup done
Event: 3.910 Executing VM operation: HandshakeAllThreads (Deoptimize)
Event: 3.910 Executing VM operation: HandshakeAllThreads (Deoptimize) done
Event: 3.954 Executing VM operation: G1CollectForAllocation (G1 Evacuation Pause)
Event: 3.960 Executing VM operation: G1CollectForAllocation (G1 Evacuation Pause) done
Event: 4.104 Executing VM operation: HandshakeAllThreads (Deoptimize)
Event: 4.104 Executing VM operation: HandshakeAllThreads (Deoptimize) done
Event: 4.105 Executing VM operation: HandshakeAllThreads (Deoptimize)
Event: 4.105 Executing VM operation: HandshakeAllThreads (Deoptimize) done
Event: 5.109 Executing VM operation: Cleanup
Event: 5.109 Executing VM operation: Cleanup done
Event: 7.838 Executing VM operation: HandshakeAllThreads (Deoptimize)
Event: 7.838 Executing VM operation: HandshakeAllThreads (Deoptimize) done
Event: 7.846 Executing VM operation: HandshakeAllThreads (Deoptimize)
Event: 7.846 Executing VM operation: HandshakeAllThreads (Deoptimize) done
Event: 7.846 Executing VM operation: Cleanup
Event: 7.846 Executing VM operation: Cleanup done

Memory protections (0 events):
No events

Nmethod flushes (0 events):
No events

Events (20 events):
Event: 3.962 Thread 0x000001e9d4123720 Thread added: 0x000001e9d4124440
Event: 4.002 Thread 0x000001e9d4123720 Thread added: 0x000001e9d4125160
Event: 4.003 Thread 0x000001e9d4123720 Thread added: 0x000001e9d4124ad0
Event: 4.004 Thread 0x000001e9d4123720 Thread added: 0x000001e9d4123090
Event: 4.014 Thread 0x000001e9d4124ad0 Thread added: 0x000001e9d4121ce0
Event: 4.016 Thread 0x000001e9d4120fc0 Thread added: 0x000001e9d41257f0
Event: 4.016 Thread 0x000001e9d4120fc0 Thread added: 0x000001e9d4122370
Event: 4.016 Thread 0x000001e9d4120fc0 Thread added: 0x000001e9d4122a00
Event: 4.020 Thread 0x000001e9d4122370 Thread added: 0x000001e9d41285e0
Event: 4.096 Thread 0x000001e9d43e14c0 Thread exited: 0x000001e9d43e14c0
Event: 4.104 Thread 0x000001e9d4121ce0 Thread added: 0x000001e9d4127230
Event: 4.146 Thread 0x000001e9d4120fc0 Thread added: 0x000001e9d4126ba0
Event: 4.147 Thread 0x000001e9d4123720 Thread added: 0x000001e9d4125e80
Event: 4.149 Thread 0x000001e9d4123720 Thread added: 0x000001e9d4127f50
Event: 4.204 Thread 0x000001e9d4121650 Thread added: 0x000001e9d4126510
Event: 4.204 Thread 0x000001e9d4124440 Thread added: 0x000001e9d41278c0
Event: 4.207 Thread 0x000001e9d4121650 Thread added: 0x000001e9d548bcf0
Event: 4.207 Thread 0x000001e9d4124440 Thread added: 0x000001e9d548e450
Event: 4.207 Thread 0x000001e9d4124440 Thread added: 0x000001e9d548c380
Event: 4.207 Thread 0x000001e9d4121650 Thread added: 0x000001e9d548eae0


Dynamic libraries:
0x00007ff672960000 - 0x00007ff67296e000 	C:\Users\User\.p2\pool\plugins\org.eclipse.justj.openjdk.hotspot.jre.full.win32.x86_64_21.0.8.v20250724-1412\jre\bin\javaw.exe
0x00007ff826380000 - 0x00007ff8265e7000 	C:\WINDOWS\SYSTEM32\ntdll.dll
0x00007ff825d30000 - 0x00007ff825df9000 	C:\WINDOWS\System32\KERNEL32.DLL
0x00007ff823810000 - 0x00007ff823bff000 	C:\WINDOWS\System32\KERNELBASE.dll
0x00007ff8236c0000 - 0x00007ff82380b000 	C:\WINDOWS\System32\ucrtbase.dll
0x00007ff811040000 - 0x00007ff811058000 	C:\Users\User\.p2\pool\plugins\org.eclipse.justj.openjdk.hotspot.jre.full.win32.x86_64_21.0.8.v20250724-1412\jre\bin\jli.dll
0x00007ff824710000 - 0x00007ff8248d5000 	C:\WINDOWS\System32\USER32.dll
0x00007ff823d80000 - 0x00007ff823da7000 	C:\WINDOWS\System32\win32u.dll
0x00007ff8261c0000 - 0x00007ff8261eb000 	C:\WINDOWS\System32\GDI32.dll
0x00007ff823ff0000 - 0x00007ff82411c000 	C:\WINDOWS\System32\gdi32full.dll
0x00007ff823580000 - 0x00007ff823623000 	C:\WINDOWS\System32\msvcp_win.dll
0x00007ff811020000 - 0x00007ff81103e000 	C:\Users\User\.p2\pool\plugins\org.eclipse.justj.openjdk.hotspot.jre.full.win32.x86_64_21.0.8.v20250724-1412\jre\bin\VCRUNTIME140.dll
0x00007ff80abb0000 - 0x00007ff80ae43000 	C:\WINDOWS\WinSxS\amd64_microsoft.windows.common-controls_6595b64144ccf1df_6.0.26100.7309_none_3e05feeae336a044\COMCTL32.dll
0x00007ff8257d0000 - 0x00007ff825879000 	C:\WINDOWS\System32\msvcrt.dll
0x00007ff8261f0000 - 0x00007ff826221000 	C:\WINDOWS\System32\IMM32.DLL
0x00007ff8144c0000 - 0x00007ff8144cc000 	C:\Users\User\.p2\pool\plugins\org.eclipse.justj.openjdk.hotspot.jre.full.win32.x86_64_21.0.8.v20250724-1412\jre\bin\vcruntime140_1.dll
0x00007ffff4d40000 - 0x00007ffff4dcd000 	C:\Users\User\.p2\pool\plugins\org.eclipse.justj.openjdk.hotspot.jre.full.win32.x86_64_21.0.8.v20250724-1412\jre\bin\msvcp140.dll
0x00007fffba030000 - 0x00007fffbadc7000 	C:\Users\User\.p2\pool\plugins\org.eclipse.justj.openjdk.hotspot.jre.full.win32.x86_64_21.0.8.v20250724-1412\jre\bin\server\jvm.dll
0x00007ff826100000 - 0x00007ff8261b4000 	C:\WINDOWS\System32\ADVAPI32.dll
0x00007ff825720000 - 0x00007ff8257c6000 	C:\WINDOWS\System32\sechost.dll
0x00007ff824910000 - 0x00007ff824a28000 	C:\WINDOWS\System32\RPCRT4.dll
0x00007ff825880000 - 0x00007ff8258f4000 	C:\WINDOWS\System32\WS2_32.dll
0x00007ff823330000 - 0x00007ff82338e000 	C:\WINDOWS\SYSTEM32\POWRPROF.dll
0x00007ff81c480000 - 0x00007ff81c4b5000 	C:\WINDOWS\SYSTEM32\WINMM.dll
0x00007ff8143a0000 - 0x00007ff8143ab000 	C:\WINDOWS\SYSTEM32\VERSION.dll
0x00007ff823310000 - 0x00007ff823324000 	C:\WINDOWS\SYSTEM32\UMPDC.dll
0x00007ff822280000 - 0x00007ff82229b000 	C:\WINDOWS\SYSTEM32\kernel.appcore.dll
0x00007ff80dce0000 - 0x00007ff80dcea000 	C:\Users\User\.p2\pool\plugins\org.eclipse.justj.openjdk.hotspot.jre.full.win32.x86_64_21.0.8.v20250724-1412\jre\bin\jimage.dll
0x00007ff820940000 - 0x00007ff820b82000 	C:\WINDOWS\SYSTEM32\DBGHELP.DLL
0x00007ff824380000 - 0x00007ff824706000 	C:\WINDOWS\System32\combase.dll
0x00007ff825a50000 - 0x00007ff825b26000 	C:\WINDOWS\System32\OLEAUT32.dll
0x00007ff802ec0000 - 0x00007ff802efc000 	C:\WINDOWS\SYSTEM32\dbgcore.DLL
0x00007ff8234d0000 - 0x00007ff823575000 	C:\WINDOWS\System32\bcryptPrimitives.dll
0x00007ffff61f0000 - 0x00007ffff620f000 	C:\Users\User\.p2\pool\plugins\org.eclipse.justj.openjdk.hotspot.jre.full.win32.x86_64_21.0.8.v20250724-1412\jre\bin\java.dll
0x00007ff824fc0000 - 0x00007ff825713000 	C:\WINDOWS\System32\SHELL32.dll
0x00007ff823c10000 - 0x00007ff823d7a000 	C:\WINDOWS\System32\wintypes.dll
0x00007ff8210b0000 - 0x00007ff82190e000 	C:\WINDOWS\SYSTEM32\windows.storage.dll
0x00007ff825900000 - 0x00007ff8259f4000 	C:\WINDOWS\System32\SHCORE.dll
0x00007ff824ac0000 - 0x00007ff824b26000 	C:\WINDOWS\System32\shlwapi.dll
0x00007ff8233f0000 - 0x00007ff823419000 	C:\WINDOWS\SYSTEM32\profapi.dll
0x00007ffff61d0000 - 0x00007ffff61e8000 	C:\Users\User\.p2\pool\plugins\org.eclipse.justj.openjdk.hotspot.jre.full.win32.x86_64_21.0.8.v20250724-1412\jre\bin\zip.dll
0x00007ff80b800000 - 0x00007ff80b810000 	C:\Users\User\.p2\pool\plugins\org.eclipse.justj.openjdk.hotspot.jre.full.win32.x86_64_21.0.8.v20250724-1412\jre\bin\net.dll
0x00007ff81b200000 - 0x00007ff81b328000 	C:\WINDOWS\SYSTEM32\WINHTTP.dll
0x00007ff8227f0000 - 0x00007ff82285b000 	C:\WINDOWS\system32\mswsock.dll
0x00007ffff61b0000 - 0x00007ffff61c6000 	C:\Users\User\.p2\pool\plugins\org.eclipse.justj.openjdk.hotspot.jre.full.win32.x86_64_21.0.8.v20250724-1412\jre\bin\nio.dll
0x00007ff80b060000 - 0x00007ff80b070000 	C:\Users\User\.p2\pool\plugins\org.eclipse.justj.openjdk.hotspot.jre.full.win32.x86_64_21.0.8.v20250724-1412\jre\bin\verify.dll
0x00007ff821d40000 - 0x00007ff821e6c000 	C:\WINDOWS\SYSTEM32\DNSAPI.dll
0x00007ff821d00000 - 0x00007ff821d34000 	C:\WINDOWS\SYSTEM32\IPHLPAPI.DLL
0x00007ff825e00000 - 0x00007ff825e0a000 	C:\WINDOWS\System32\NSI.dll
0x00007ff813d60000 - 0x00007ff813d6b000 	C:\Windows\System32\rasadhlp.dll
0x00007ff81d3f0000 - 0x00007ff81d476000 	C:\WINDOWS\System32\fwpuclnt.dll
0x00007ff813260000 - 0x00007ff813269000 	C:\Users\User\.p2\pool\plugins\org.eclipse.justj.openjdk.hotspot.jre.full.win32.x86_64_21.0.8.v20250724-1412\jre\bin\extnet.dll
0x00007ff822ab0000 - 0x00007ff822acb000 	C:\WINDOWS\SYSTEM32\CRYPTSP.dll
0x00007ff8221e0000 - 0x00007ff82221a000 	C:\WINDOWS\system32\rsaenh.dll
0x00007ff8228a0000 - 0x00007ff8228cb000 	C:\WINDOWS\SYSTEM32\USERENV.dll
0x00007ff8233c0000 - 0x00007ff8233ea000 	C:\WINDOWS\SYSTEM32\bcrypt.dll
0x00007ff822ad0000 - 0x00007ff822adc000 	C:\WINDOWS\SYSTEM32\CRYPTBASE.dll
0x00007ff8140a0000 - 0x00007ff8140aa000 	C:\Users\User\.p2\pool\plugins\org.eclipse.justj.openjdk.hotspot.jre.full.win32.x86_64_21.0.8.v20250724-1412\jre\bin\management.dll
0x00007ff812280000 - 0x00007ff81228b000 	C:\Users\User\.p2\pool\plugins\org.eclipse.justj.openjdk.hotspot.jre.full.win32.x86_64_21.0.8.v20250724-1412\jre\bin\management_ext.dll
0x00007ff826290000 - 0x00007ff826298000 	C:\WINDOWS\System32\PSAPI.DLL
0x00007ff80f6f0000 - 0x00007ff80f6fe000 	C:\Users\User\.p2\pool\plugins\org.eclipse.justj.openjdk.hotspot.jre.full.win32.x86_64_21.0.8.v20250724-1412\jre\bin\sunmscapi.dll
0x00007ff823db0000 - 0x00007ff823f27000 	C:\WINDOWS\System32\CRYPT32.dll
0x00007ff822cd0000 - 0x00007ff822d00000 	C:\WINDOWS\SYSTEM32\ncrypt.dll
0x00007ff822c80000 - 0x00007ff822cbf000 	C:\WINDOWS\SYSTEM32\NTASN1.dll
0x00007fffed8c0000 - 0x00007fffed8c8000 	C:\WINDOWS\system32\wshunix.dll

JVMTI agents: none

dbghelp: loaded successfully - version: 4.0.5 - missing functions: none
symbol engine: initialized successfully - sym options: 0x614 - pdb path: .;C:\Users\User\.p2\pool\plugins\org.eclipse.justj.openjdk.hotspot.jre.full.win32.x86_64_21.0.8.v20250724-1412\jre\bin;C:\WINDOWS\SYSTEM32;C:\WINDOWS\WinSxS\amd64_microsoft.windows.common-controls_6595b64144ccf1df_6.0.26100.7309_none_3e05feeae336a044;C:\Users\User\.p2\pool\plugins\org.eclipse.justj.openjdk.hotspot.jre.full.win32.x86_64_21.0.8.v20250724-1412\jre\bin\server

VM Arguments:
jvm_args: -ea -Dfile.encoding=UTF-8 -Dstdout.encoding=UTF-8 -Dstderr.encoding=UTF-8 -XX:+ShowCodeDetailsInExceptionMessages 
java_command: org.testng.remote.RemoteTestNG -serport 62543 -protocol json -d C:\Users\User\git\GroceryProject\groceryApplication\test-output C:\Users\User\git\GroceryProject\groceryApplication\paralleltesting_method.xml
java_class_path (initial): C:\Users\User\eclipse\java-2025-06\eclipse\configuration\org.eclipse.osgi\525\0\.cp\lib\testng-remote.jar;C:\Users\User\git\GroceryProject\groceryApplication\target\test-classes;C:\Users\User\git\GroceryProject\groceryApplication\target\classes;C:\Users\User\.m2\repository\org\apache\poi\poi\5.2.3\poi-5.2.3.jar;C:\Users\User\.m2\repository\commons-codec\commons-codec\1.15\commons-codec-1.15.jar;C:\Users\User\.m2\repository\org\apache\commons\commons-collections4\4.4\commons-collections4-4.4.jar;C:\Users\User\.m2\repository\org\apache\commons\commons-math3\3.6.1\commons-math3-3.6.1.jar;C:\Users\User\.m2\repository\commons-io\commons-io\2.11.0\commons-io-2.11.0.jar;C:\Users\User\.m2\repository\com\zaxxer\SparseBitSet\1.2\SparseBitSet-1.2.jar;C:\Users\User\.m2\repository\org\apache\logging\log4j\log4j-api\2.18.0\log4j-api-2.18.0.jar;C:\Users\User\.m2\repository\org\apache\poi\poi-ooxml\5.2.3\poi-ooxml-5.2.3.jar;C:\Users\User\.m2\repository\org\apache\poi\poi-ooxml-lite\5.2.3\poi-ooxml-lite-5.2.3.jar;C:\Users\User\.m2\repository\org\apache\xmlbeans\xmlbeans\5.1.1\xmlbeans-5.1.1.jar;C:\Users\User\.m2\repository\org\apache\commons\commons-compress\1.21\commons-compress-1.21.jar;C:\Users\User\.m2\repository\com\github\virtuald\curvesapi\1.07\curvesapi-1.07.jar;C:\Users\User\.m2\repository\org\testng\testng\7.10.2\testng-7.10.2.jar;C:\Users\User\.m2\repository\org\slf4j\slf4j-api\1.7.36\slf4j-api-1.7.36.jar;C:\Users\User\.m2\repository\com\beust\jcommander\1.82\jcommander-1.82.jar;C:\Users\User\.m2\repository\org\webjars\jquery\3.7.1\jquery-3.7.1.jar;C:\Users\User\.m2\repository\org\seleniumhq\selenium\selenium-java\4.34.0\selenium-java-4.34.0.jar;C:\Users\User\.m2\repository\org\seleniumhq\selenium\selenium-api\4.34.0\selenium-api-4.34.0.jar;C:\Users\User\.m2\repository\org\jspecify\jspecify\1.0.0\jspecify-1.0.0.jar;C:\Users\User\.m2\repository\org\seleniumhq\selenium\selenium-chrome-driver\4.34.0\selenium-chrome-driver-4.34.0.jar;C:\Users\User\.m2\repository\com\google\auto\service\auto-service-annotations\1.1.1\auto-service-annotations-1.1.1.jar;C:\Users\User\.m2\repository\org\seleniumhq\selenium\selenium-chromium-driver\4.34.0\selenium-chromium-driver-4.34.0.jar;C:\Users\User\.m2\repository\org\seleniumhq\selenium\selenium-json\4.34.0\selenium-json-4.34.0.jar;C:\Users\User\.m2\repository\org\seleniumhq\selenium\selenium-manager\4.34.0\selenium-manager-4.34.0.jar;C:\Users\User\.m2\repository\org\seleniumhq\selenium\selenium-devtools-v136\4.34.0\selenium-devtools-v136-4.34.0.jar;C:\Users\User\.m2\repository\org\seleniumhq\selenium\selenium-devtools-v137\4.34.0\selenium-devtools-v137-4.34.0.jar;C:\Users\User\.m2\repository\org\seleniumhq\selenium\selenium-devtools-v138\4.34.0\selenium-devtools-v138-4.34.0.jar;C:\Users\User\.m2\repository\org\seleniumhq\selenium\selenium-edge-driver\4.34.0\selenium-edge-driver-4.34.0.jar;C:\Users\User\.m2\repository\org\seleniumhq\selenium\selenium-firefox-driver\4.34.0\selenium-firefox-driver-4.34.0.jar;C:\Users\User\.m2\repository\org\seleniumhq\selenium\selenium-http\4.34.0\selenium-http-4.34.0.jar;C:\Users\User\.m2\repository\org\seleniumhq\selenium\selenium-ie-driver\4.34.0\selenium-ie-driver-4.34.0.jar;C:\Users\User\.m2\repository\org\seleniumhq\selenium\selenium-remote-driver\4.34.0\selenium-remote-driver-4.34.0.jar;C:\Users\User\.m2\repository\com\google\guava\guava\33.4.8-jre\guava-33.4.8-jre.jar;C:\Users\User\.m2\repository\com\google\guava\failureaccess\1.0.3\failureaccess-1.0.3.jar;C:\Users\User\.m2\repository\com\google\guava\listenablefuture\9999.0-empty-to-avoid-conflict-with-guava\listenablefuture-9999.0-empty-to-avoid-conflict-with-guava.jar;C:\Users\User\.m2\repository\com\google\errorprone\error_prone_annotations\2.36.0\error_prone_annotations-2.36.0.jar;C:\Users\User\.m2\repository\com\google\j2objc\j2objc-annotations\3.0.0\j2objc-annotations-3.0.0.jar;C:\Users\User\.m2\repository\io\opentelemetry\opentelemetry-api\1.51.0\opentelemetry-api-1.51.0.jar;C:\Users\User\.m2\repository\io\opentelemetry\opentelemetry-context\1.51.0\opentelemetry-context-1.51.0.jar;C:\Users\User\.m2\repository\io\opentelemetry\opentelemetry-exporter-logging\1.51.0\opentelemetry-exporter-logging-1.51.0.jar;C:\Users\User\.m2\repository\io\opentelemetry\opentelemetry-sdk-common\1.51.0\opentelemetry-sdk-common-1.51.0.jar;C:\Users\User\.m2\repository\io\opentelemetry\opentelemetry-sdk-extension-autoconfigure-spi\1.51.0\opentelemetry-sdk-extension-autoconfigure-spi-1.51.0.jar;C:\Users\User\.m2\repository\io\opentelemetry\opentelemetry-sdk-extension-autoconfigure\1.51.0\opentelemetry-sdk-extension-autoconfigure-1.51.0.jar;C:\Users\User\.m2\repository\io\opentelemetry\opentelemetry-sdk-trace\1.51.0\opentelemetry-sdk-trace-1.51.0.jar;C:\Users\User\.m2\repository\io\opentelemetry\opentelemetry-sdk\1.51.0\opentelemetry-sdk-1.51.0.jar;C:\Users\User\.m2\repository\io\opentelemetry\opentelemetry-sdk-metrics\1.51.0\opentelemetry-sdk-metrics-1.51.0.jar;C:\Users\User\.m2\repository\io\opentelemetry\opentelemetry-sdk-logs\1.51.0\opentelemetry-sdk-logs-1.51.0.jar;C:\Users\User\.m2\repository\net\bytebuddy\byte-buddy\1.17.6\byte-buddy-1.17.6.jar;C:\Users\User\.m2\repository\org\seleniumhq\selenium\selenium-os\4.34.0\selenium-os-4.34.0.jar;C:\Users\User\.m2\repository\org\apache\commons\commons-exec\1.5.0\commons-exec-1.5.0.jar;C:\Users\User\.m2\repository\org\seleniumhq\selenium\selenium-safari-driver\4.34.0\selenium-safari-driver-4.34.0.jar;C:\Users\User\.m2\repository\org\seleniumhq\selenium\selenium-support\4.34.0\selenium-support-4.34.0.jar;C:\Users\User\.m2\repository\com\aventstack\extentreports\5.0.9\extentreports-5.0.9.jar;C:\Users\User\.m2\repository\io\reactivex\rxjava3\rxjava\3.0.4\rxjava-3.0.4.jar;C:\Users\User\.m2\repository\org\reactivestreams\reactive-streams\1.0.3\reactive-streams-1.0.3.jar;C:\Users\User\.m2\repository\org\freemarker\freemarker\2.3.30\freemarker-2.3.30.jar;C:\Users\User\.m2\repository\com\google\code\gson\gson\2.8.6\gson-2.8.6.jar;C:\Users\User\.m2\repository\org\projectlombok\lombok\1.18.22\lombok-1.18.22.jar
Launcher Type: SUN_STANDARD

[Global flags]
     intx CICompilerCount                          = 3                                         {product} {ergonomic}
     uint ConcGCThreads                            = 1                                         {product} {ergonomic}
     uint G1ConcRefinementThreads                  = 4                                         {product} {ergonomic}
   size_t G1HeapRegionSize                         = 1048576                                   {product} {ergonomic}
    uintx GCDrainStackTargetSize                   = 64                                        {product} {ergonomic}
   size_t InitialHeapSize                          = 130023424                                 {product} {ergonomic}
   size_t MarkStackSize                            = 4194304                                   {product} {ergonomic}
   size_t MaxHeapSize                              = 2078277632                                {product} {ergonomic}
   size_t MaxNewSize                               = 1246756864                                {product} {ergonomic}
   size_t MinHeapDeltaBytes                        = 1048576                                   {product} {ergonomic}
   size_t MinHeapSize                              = 8388608                                   {product} {ergonomic}
    uintx NonNMethodCodeHeapSize                   = 5832780                                {pd product} {ergonomic}
    uintx NonProfiledCodeHeapSize                  = 122912730                              {pd product} {ergonomic}
    uintx ProfiledCodeHeapSize                     = 122912730                              {pd product} {ergonomic}
    uintx ReservedCodeCacheSize                    = 251658240                              {pd product} {ergonomic}
     bool SegmentedCodeCache                       = true                                      {product} {ergonomic}
     bool ShowCodeDetailsInExceptionMessages       = true                                   {manageable} {command line}
   size_t SoftMaxHeapSize                          = 2078277632                             {manageable} {ergonomic}
     bool UseCompressedOops                        = true                           {product lp64_product} {ergonomic}
     bool UseG1GC                                  = true                                      {product} {ergonomic}
     bool UseLargePagesIndividualAllocation        = false                                  {pd product} {ergonomic}

Logging:
Log output configuration:
 #0: stdout all=warning uptime,level,tags foldmultilines=false
 #1: stderr all=off uptime,level,tags foldmultilines=false

Environment Variables:
JAVA_HOME=C:\Program Files\Java\jdk-21
PATH=C:/Users/User/.p2/pool/plugins/org.eclipse.justj.openjdk.hotspot.jre.full.win32.x86_64_21.0.8.v20250724-1412/jre/bin/server;C:/Users/User/.p2/pool/plugins/org.eclipse.justj.openjdk.hotspot.jre.full.win32.x86_64_21.0.8.v20250724-1412/jre/bin;C:\Program Files\Common Files\Oracle\Java\javapath;C:\WINDOWS\system32;C:\WINDOWS;C:\WINDOWS\System32\Wbem;C:\WINDOWS\System32\WindowsPowerShell\v1.0\;C:\WINDOWS\System32\OpenSSH\;C:\Program Files\dotnet\;C:\Program Files\Java\jdk-21\bin;C:\Program Files\apache-maven-3.9.11\bin;C:\Program Files\Git\cmd;C:\Users\User\AppData\Local\Microsoft\WindowsApps;C:\Users\User\AppData\Local\Programs\Microsoft VS Code\bin;C:\Users\User\eclipse\java-2025-06\eclipse;
USERNAME=User
OS=Windows_NT
PROCESSOR_IDENTIFIER=Intel64 Family 6 Model 140 Stepping 1, GenuineIntel
TMP=C:\Users\User\AppData\Local\Temp
TEMP=C:\Users\User\AppData\Local\Temp




Periodic native trim disabled

---------------  S Y S T E M  ---------------

OS:
 Windows 11 , 64 bit Build 26100 (10.0.26100.7309)
OS uptime: 5 days 15:06 hours
Hyper-V role detected

CPU: total 4 (initial active 4) (2 cores per cpu, 2 threads per core) family 6 model 140 stepping 1 microcode 0xbc, cx8, cmov, fxsr, ht, mmx, 3dnowpref, sse, sse2, sse3, ssse3, sse4.1, sse4.2, popcnt, lzcnt, tsc, tscinvbit, avx, avx2, aes, erms, clmul, bmi1, bmi2, adx, avx512f, avx512dq, avx512cd, avx512bw, avx512vl, sha, fma, vzeroupper, avx512_vpopcntdq, avx512_vpclmulqdq, avx512_vaes, avx512_vnni, clflush, clflushopt, clwb, avx512_vbmi2, avx512_vbmi, hv, rdtscp, rdpid, fsrm, gfni, avx512_bitalg, f16c, cet_ibt, cet_ss, avx512_ifma
Processor Information for the first 4 processors :
  Max Mhz: 2995, Current Mhz: 2995, Mhz Limit: 2995

Memory: 4k page, system-wide physical 7926M (731M free)
TotalPageFile size 32502M (AvailPageFile size 30M)
current process WorkingSet (physical memory assigned to process): 134M, peak: 140M
current process commit charge ("private bytes"): 244M, peak: 249M

vm_info: OpenJDK 64-Bit Server VM (21.0.8+9-LTS) for windows-amd64 JRE (21.0.8+9-LTS), built on 2025-07-15T00:00:00Z by "admin" with MS VC++ 17.7 (VS2022)

END.
